2018-10-30 01:47:15.216 DEBUG 13368 --- [main] .c.l.ClasspathLoggingApplicationListener : Application started with classpath: [file:/E:/project/publicAccount/publicAccount/target/classes/, file:/E:/storage/mvnRepo/org/springframework/boot/spring-boot-starter-web/2.0.6.RELEASE/spring-boot-starter-web-2.0.6.RELEASE.jar, file:/E:/storage/mvnRepo/org/springframework/boot/spring-boot-starter/2.0.6.RELEASE/spring-boot-starter-2.0.6.RELEASE.jar, file:/E:/storage/mvnRepo/org/springframework/boot/spring-boot/2.0.6.RELEASE/spring-boot-2.0.6.RELEASE.jar, file:/E:/storage/mvnRepo/org/springframework/boot/spring-boot-autoconfigure/2.0.6.RELEASE/spring-boot-autoconfigure-2.0.6.RELEASE.jar, file:/E:/storage/mvnRepo/org/springframework/boot/spring-boot-starter-logging/2.0.6.RELEASE/spring-boot-starter-logging-2.0.6.RELEASE.jar, file:/E:/storage/mvnRepo/ch/qos/logback/logback-classic/1.2.3/logback-classic-1.2.3.jar, file:/E:/storage/mvnRepo/ch/qos/logback/logback-core/1.2.3/logback-core-1.2.3.jar, file:/E:/storage/mvnRepo/org/apache/logging/log4j/log4j-to-slf4j/2.10.0/log4j-to-slf4j-2.10.0.jar, file:/E:/storage/mvnRepo/org/apache/logging/log4j/log4j-api/2.10.0/log4j-api-2.10.0.jar, file:/E:/storage/mvnRepo/org/slf4j/jul-to-slf4j/1.7.25/jul-to-slf4j-1.7.25.jar, file:/E:/storage/mvnRepo/javax/annotation/javax.annotation-api/1.3.2/javax.annotation-api-1.3.2.jar, file:/E:/storage/mvnRepo/org/yaml/snakeyaml/1.19/snakeyaml-1.19.jar, file:/E:/storage/mvnRepo/org/springframework/boot/spring-boot-starter-json/2.0.6.RELEASE/spring-boot-starter-json-2.0.6.RELEASE.jar, file:/E:/storage/mvnRepo/com/fasterxml/jackson/core/jackson-databind/2.9.7/jackson-databind-2.9.7.jar, file:/E:/storage/mvnRepo/com/fasterxml/jackson/core/jackson-annotations/2.9.0/jackson-annotations-2.9.0.jar, file:/E:/storage/mvnRepo/com/fasterxml/jackson/core/jackson-core/2.9.7/jackson-core-2.9.7.jar, file:/E:/storage/mvnRepo/com/fasterxml/jackson/datatype/jackson-datatype-jdk8/2.9.7/jackson-datatype-jdk8-2.9.7.jar, file:/E:/storage/mvnRepo/com/fasterxml/jackson/datatype/jackson-datatype-jsr310/2.9.7/jackson-datatype-jsr310-2.9.7.jar, file:/E:/storage/mvnRepo/com/fasterxml/jackson/module/jackson-module-parameter-names/2.9.7/jackson-module-parameter-names-2.9.7.jar, file:/E:/storage/mvnRepo/org/springframework/boot/spring-boot-starter-tomcat/2.0.6.RELEASE/spring-boot-starter-tomcat-2.0.6.RELEASE.jar, file:/E:/storage/mvnRepo/org/apache/tomcat/embed/tomcat-embed-core/8.5.34/tomcat-embed-core-8.5.34.jar, file:/E:/storage/mvnRepo/org/apache/tomcat/embed/tomcat-embed-el/8.5.34/tomcat-embed-el-8.5.34.jar, file:/E:/storage/mvnRepo/org/apache/tomcat/embed/tomcat-embed-websocket/8.5.34/tomcat-embed-websocket-8.5.34.jar, file:/E:/storage/mvnRepo/org/hibernate/validator/hibernate-validator/6.0.13.Final/hibernate-validator-6.0.13.Final.jar, file:/E:/storage/mvnRepo/javax/validation/validation-api/2.0.1.Final/validation-api-2.0.1.Final.jar, file:/E:/storage/mvnRepo/org/jboss/logging/jboss-logging/3.3.2.Final/jboss-logging-3.3.2.Final.jar, file:/E:/storage/mvnRepo/com/fasterxml/classmate/1.3.4/classmate-1.3.4.jar, file:/E:/storage/mvnRepo/org/springframework/spring-web/5.0.10.RELEASE/spring-web-5.0.10.RELEASE.jar, file:/E:/storage/mvnRepo/org/springframework/spring-beans/5.0.10.RELEASE/spring-beans-5.0.10.RELEASE.jar, file:/E:/storage/mvnRepo/org/springframework/spring-webmvc/5.0.10.RELEASE/spring-webmvc-5.0.10.RELEASE.jar, file:/E:/storage/mvnRepo/org/springframework/spring-aop/5.0.10.RELEASE/spring-aop-5.0.10.RELEASE.jar, file:/E:/storage/mvnRepo/org/springframework/spring-context/5.0.10.RELEASE/spring-context-5.0.10.RELEASE.jar, file:/E:/storage/mvnRepo/org/springframework/spring-expression/5.0.10.RELEASE/spring-expression-5.0.10.RELEASE.jar, file:/E:/storage/mvnRepo/org/mybatis/spring/boot/mybatis-spring-boot-starter/1.3.2/mybatis-spring-boot-starter-1.3.2.jar, file:/E:/storage/mvnRepo/org/springframework/boot/spring-boot-starter-jdbc/2.0.6.RELEASE/spring-boot-starter-jdbc-2.0.6.RELEASE.jar, file:/E:/storage/mvnRepo/com/zaxxer/HikariCP/2.7.9/HikariCP-2.7.9.jar, file:/E:/storage/mvnRepo/org/springframework/spring-jdbc/5.0.10.RELEASE/spring-jdbc-5.0.10.RELEASE.jar, file:/E:/storage/mvnRepo/org/springframework/spring-tx/5.0.10.RELEASE/spring-tx-5.0.10.RELEASE.jar, file:/E:/storage/mvnRepo/org/mybatis/spring/boot/mybatis-spring-boot-autoconfigure/1.3.2/mybatis-spring-boot-autoconfigure-1.3.2.jar, file:/E:/storage/mvnRepo/org/mybatis/mybatis/3.4.6/mybatis-3.4.6.jar, file:/E:/storage/mvnRepo/org/mybatis/mybatis-spring/1.3.2/mybatis-spring-1.3.2.jar, file:/E:/storage/mvnRepo/mysql/mysql-connector-java/5.1.47/mysql-connector-java-5.1.47.jar, file:/E:/storage/mvnRepo/org/slf4j/slf4j-api/1.7.25/slf4j-api-1.7.25.jar, file:/E:/storage/mvnRepo/org/springframework/spring-core/5.0.10.RELEASE/spring-core-5.0.10.RELEASE.jar, file:/E:/storage/mvnRepo/org/springframework/spring-jcl/5.0.10.RELEASE/spring-jcl-5.0.10.RELEASE.jar]
2018-10-30 01:47:16.807  INFO 13368 --- [main] c.t.p.PublicAccountApplication           : Starting PublicAccountApplication on PC-201810261847 with PID 13368 (E:\project\publicAccount\publicAccount\target\classes started by Administrator in E:\project\publicAccount\publicAccount)
2018-10-30 01:47:16.812  INFO 13368 --- [main] c.t.p.PublicAccountApplication           : No active profile set, falling back to default profiles: default
2018-10-30 01:47:16.813 DEBUG 13368 --- [main] o.s.boot.SpringApplication               : Loading source class com.tiny.publicAccount.PublicAccountApplication
2018-10-30 01:47:17.512 DEBUG 13368 --- [main] o.s.b.c.c.ConfigFileApplicationListener  : Loaded config file 'file:/E:/project/publicAccount/publicAccount/target/classes/application.properties' (classpath:/application.properties)
2018-10-30 01:47:17.540  INFO 13368 --- [main] ConfigServletWebServerApplicationContext : Refreshing org.springframework.boot.web.servlet.context.AnnotationConfigServletWebServerApplicationContext@6295d394: startup date [Tue Oct 30 01:47:17 CST 2018]; root of context hierarchy
2018-10-30 01:47:17.552 DEBUG 13368 --- [main] ConfigServletWebServerApplicationContext : Bean factory for org.springframework.boot.web.servlet.context.AnnotationConfigServletWebServerApplicationContext@6295d394: org.springframework.beans.factory.support.DefaultListableBeanFactory@799f10e1: defining beans [org.springframework.context.annotation.internalConfigurationAnnotationProcessor,org.springframework.context.annotation.internalAutowiredAnnotationProcessor,org.springframework.context.annotation.internalRequiredAnnotationProcessor,org.springframework.context.annotation.internalCommonAnnotationProcessor,org.springframework.context.event.internalEventListenerProcessor,org.springframework.context.event.internalEventListenerFactory,publicAccountApplication]; root of factory hierarchy
2018-10-30 01:47:20.022 DEBUG 13368 --- [main] o.s.b.a.AutoConfigurationPackages        : @EnableAutoConfiguration was declared on a class in the package 'com.tiny.publicAccount'. Automatic @Repository and @Entity scanning is enabled.
2018-10-30 01:47:20.036  WARN 13368 --- [main] o.m.s.mapper.ClassPathMapperScanner      : No MyBatis mapper was found in '[com.tiny.publicAccount]' package. Please check your configuration.
2018-10-30 01:47:21.212 DEBUG 13368 --- [main] ConfigServletWebServerApplicationContext : Unable to locate MessageSource with name 'messageSource': using default [org.springframework.context.support.DelegatingMessageSource@6aecbb8d]
2018-10-30 01:47:21.213 DEBUG 13368 --- [main] ConfigServletWebServerApplicationContext : Unable to locate ApplicationEventMulticaster with name 'applicationEventMulticaster': using default [org.springframework.context.event.SimpleApplicationEventMulticaster@1af146]
2018-10-30 01:47:22.868 DEBUG 13368 --- [main] .s.b.w.e.t.TomcatServletWebServerFactory : Code archive: E:\storage\mvnRepo\org\springframework\boot\spring-boot\2.0.6.RELEASE\spring-boot-2.0.6.RELEASE.jar
2018-10-30 01:47:22.873 DEBUG 13368 --- [main] .s.b.w.e.t.TomcatServletWebServerFactory : Code archive: E:\storage\mvnRepo\org\springframework\boot\spring-boot\2.0.6.RELEASE\spring-boot-2.0.6.RELEASE.jar
2018-10-30 01:47:22.880 DEBUG 13368 --- [main] .s.b.w.e.t.TomcatServletWebServerFactory : None of the document roots [src/main/webapp, public, static] point to a directory and will be ignored.
2018-10-30 01:47:23.035  INFO 13368 --- [main] o.s.b.w.embedded.tomcat.TomcatWebServer  : Tomcat initialized with port(s): 8080 (http)
2018-10-30 01:47:23.155  INFO 13368 --- [main] o.apache.catalina.core.StandardService   : Starting service [Tomcat]
2018-10-30 01:47:23.162  INFO 13368 --- [main] org.apache.catalina.core.StandardEngine  : Starting Servlet Engine: Apache Tomcat/8.5.34
2018-10-30 01:47:23.199  INFO 13368 --- [localhost-startStop-1] o.a.catalina.core.AprLifecycleListener   : The APR based Apache Tomcat Native library which allows optimal performance in production environments was not found on the java.library.path: [E:\install\Java\jre1.8.0\bin;C:\Windows\Sun\Java\bin;C:\Windows\system32;C:\Windows;C:\Program Files (x86)\Common Files\Oracle\Java\javapath;C:\Windows\system32;C:\Windows;C:\Windows\System32\Wbem;C:\Windows\System32\WindowsPowerShell\v1.0\;C:\Windows\System32\OpenSSH\;E:\install\Java\jdk1.8.0_191\lib;E:\install\Java\jdk1.8.0_191\lib\tools.jar;E:\install\Java\jdk1.8.0_191\jre\lib\rt.jar;E:\install\apache-maven-3.5.4\bin;E:\install\redis;E:\install\git\cmd;E:\install\Python37\Scripts\;E:\install\Python37;E:\install\mysql\MySQL Server 8.0\bin;C:\Users\Administrator\AppData\Local\Microsoft\WindowsApps;;.]
2018-10-30 01:47:23.575  INFO 13368 --- [localhost-startStop-1] o.a.c.c.C.[Tomcat].[localhost].[/]       : Initializing Spring embedded WebApplicationContext
2018-10-30 01:47:23.579  INFO 13368 --- [localhost-startStop-1] o.s.web.context.ContextLoader            : Root WebApplicationContext: initialization completed in 6039 ms
2018-10-30 01:47:23.603 DEBUG 13368 --- [localhost-startStop-1] o.s.b.w.s.ServletContextInitializerBeans : Added existing Servlet initializer bean 'dispatcherServletRegistration'; order=2147483647, resource=class path resource [org/springframework/boot/autoconfigure/web/servlet/DispatcherServletAutoConfiguration$DispatcherServletRegistrationConfiguration.class]
2018-10-30 01:47:23.897 DEBUG 13368 --- [localhost-startStop-1] o.s.b.w.s.ServletContextInitializerBeans : Created Filter initializer for bean 'characterEncodingFilter'; order=-2147483648, resource=class path resource [org/springframework/boot/autoconfigure/web/servlet/HttpEncodingAutoConfiguration.class]
2018-10-30 01:47:23.899 DEBUG 13368 --- [localhost-startStop-1] o.s.b.w.s.ServletContextInitializerBeans : Created Filter initializer for bean 'hiddenHttpMethodFilter'; order=-10000, resource=class path resource [org/springframework/boot/autoconfigure/web/servlet/WebMvcAutoConfiguration.class]
2018-10-30 01:47:23.912 DEBUG 13368 --- [localhost-startStop-1] o.s.b.w.s.ServletContextInitializerBeans : Created Filter initializer for bean 'httpPutFormContentFilter'; order=-9900, resource=class path resource [org/springframework/boot/autoconfigure/web/servlet/WebMvcAutoConfiguration.class]
2018-10-30 01:47:23.913 DEBUG 13368 --- [localhost-startStop-1] o.s.b.w.s.ServletContextInitializerBeans : Created Filter initializer for bean 'requestContextFilter'; order=-105, resource=class path resource [org/springframework/boot/autoconfigure/web/servlet/WebMvcAutoConfiguration$WebMvcAutoConfigurationAdapter.class]
2018-10-30 01:47:23.926  INFO 13368 --- [localhost-startStop-1] o.s.b.w.servlet.ServletRegistrationBean  : Servlet dispatcherServlet mapped to [/]
2018-10-30 01:47:23.936  INFO 13368 --- [localhost-startStop-1] o.s.b.w.servlet.FilterRegistrationBean   : Mapping filter: 'characterEncodingFilter' to: [/*]
2018-10-30 01:47:23.937  INFO 13368 --- [localhost-startStop-1] o.s.b.w.servlet.FilterRegistrationBean   : Mapping filter: 'hiddenHttpMethodFilter' to: [/*]
2018-10-30 01:47:23.939  INFO 13368 --- [localhost-startStop-1] o.s.b.w.servlet.FilterRegistrationBean   : Mapping filter: 'httpPutFormContentFilter' to: [/*]
2018-10-30 01:47:23.939  INFO 13368 --- [localhost-startStop-1] o.s.b.w.servlet.FilterRegistrationBean   : Mapping filter: 'requestContextFilter' to: [/*]
2018-10-30 01:47:24.039 DEBUG 13368 --- [localhost-startStop-1] o.s.b.w.s.f.OrderedRequestContextFilter  : Initializing filter 'requestContextFilter'
2018-10-30 01:47:24.047 DEBUG 13368 --- [localhost-startStop-1] o.s.b.w.s.f.OrderedRequestContextFilter  : Filter 'requestContextFilter' configured successfully
2018-10-30 01:47:24.048 DEBUG 13368 --- [localhost-startStop-1] .b.w.s.f.OrderedHttpPutFormContentFilter : Initializing filter 'httpPutFormContentFilter'
2018-10-30 01:47:24.049 DEBUG 13368 --- [localhost-startStop-1] .b.w.s.f.OrderedHttpPutFormContentFilter : Filter 'httpPutFormContentFilter' configured successfully
2018-10-30 01:47:24.049 DEBUG 13368 --- [localhost-startStop-1] .s.b.w.s.f.OrderedHiddenHttpMethodFilter : Initializing filter 'hiddenHttpMethodFilter'
2018-10-30 01:47:24.049 DEBUG 13368 --- [localhost-startStop-1] .s.b.w.s.f.OrderedHiddenHttpMethodFilter : Filter 'hiddenHttpMethodFilter' configured successfully
2018-10-30 01:47:24.051 DEBUG 13368 --- [localhost-startStop-1] s.b.w.s.f.OrderedCharacterEncodingFilter : Initializing filter 'characterEncodingFilter'
2018-10-30 01:47:24.056 DEBUG 13368 --- [localhost-startStop-1] s.b.w.s.f.OrderedCharacterEncodingFilter : Filter 'characterEncodingFilter' configured successfully
2018-10-30 01:47:24.564  INFO 13368 --- [main] o.s.w.s.handler.SimpleUrlHandlerMapping  : Mapped URL path [/**/favicon.ico] onto handler of type [class org.springframework.web.servlet.resource.ResourceHttpRequestHandler]
2018-10-30 01:47:25.273  INFO 13368 --- [main] s.w.s.m.m.a.RequestMappingHandlerAdapter : Looking for @ControllerAdvice: org.springframework.boot.web.servlet.context.AnnotationConfigServletWebServerApplicationContext@6295d394: startup date [Tue Oct 30 01:47:17 CST 2018]; root of context hierarchy
2018-10-30 01:47:25.655  INFO 13368 --- [main] s.w.s.m.m.a.RequestMappingHandlerMapping : Mapped "{[/launcher]}" onto public java.lang.String com.tiny.publicAccount.controller.WechatController.launcher(java.lang.String,java.lang.String,java.lang.String,java.lang.String)
2018-10-30 01:47:25.674  INFO 13368 --- [main] s.w.s.m.m.a.RequestMappingHandlerMapping : Mapped "{[/error]}" onto public org.springframework.http.ResponseEntity<java.util.Map<java.lang.String, java.lang.Object>> org.springframework.boot.autoconfigure.web.servlet.error.BasicErrorController.error(javax.servlet.http.HttpServletRequest)
2018-10-30 01:47:25.677  INFO 13368 --- [main] s.w.s.m.m.a.RequestMappingHandlerMapping : Mapped "{[/error],produces=[text/html]}" onto public org.springframework.web.servlet.ModelAndView org.springframework.boot.autoconfigure.web.servlet.error.BasicErrorController.errorHtml(javax.servlet.http.HttpServletRequest,javax.servlet.http.HttpServletResponse)
2018-10-30 01:47:25.887  INFO 13368 --- [main] o.s.w.s.handler.SimpleUrlHandlerMapping  : Mapped URL path [/webjars/**] onto handler of type [class org.springframework.web.servlet.resource.ResourceHttpRequestHandler]
2018-10-30 01:47:25.888  INFO 13368 --- [main] o.s.w.s.handler.SimpleUrlHandlerMapping  : Mapped URL path [/**] onto handler of type [class org.springframework.web.servlet.resource.ResourceHttpRequestHandler]
2018-10-30 01:47:26.356  WARN 13368 --- [main] ConfigServletWebServerApplicationContext : Exception encountered during context initialization - cancelling refresh attempt: org.springframework.beans.factory.BeanCreationException: Error creating bean with name 'dataSource' defined in class path resource [org/springframework/boot/autoconfigure/jdbc/DataSourceConfiguration$Hikari.class]: Bean instantiation via factory method failed; nested exception is org.springframework.beans.BeanInstantiationException: Failed to instantiate [com.zaxxer.hikari.HikariDataSource]: Factory method 'dataSource' threw exception; nested exception is org.springframework.boot.autoconfigure.jdbc.DataSourceProperties$DataSourceBeanCreationException: Failed to determine a suitable driver class
2018-10-30 01:47:26.370  INFO 13368 --- [main] o.apache.catalina.core.StandardService   : Stopping service [Tomcat]
2018-10-30 01:47:26.504 DEBUG 13368 --- [main] .c.l.ClasspathLoggingApplicationListener : Application failed to start with classpath: [file:/E:/project/publicAccount/publicAccount/target/classes/, file:/E:/storage/mvnRepo/org/springframework/boot/spring-boot-starter-web/2.0.6.RELEASE/spring-boot-starter-web-2.0.6.RELEASE.jar, file:/E:/storage/mvnRepo/org/springframework/boot/spring-boot-starter/2.0.6.RELEASE/spring-boot-starter-2.0.6.RELEASE.jar, file:/E:/storage/mvnRepo/org/springframework/boot/spring-boot/2.0.6.RELEASE/spring-boot-2.0.6.RELEASE.jar, file:/E:/storage/mvnRepo/org/springframework/boot/spring-boot-autoconfigure/2.0.6.RELEASE/spring-boot-autoconfigure-2.0.6.RELEASE.jar, file:/E:/storage/mvnRepo/org/springframework/boot/spring-boot-starter-logging/2.0.6.RELEASE/spring-boot-starter-logging-2.0.6.RELEASE.jar, file:/E:/storage/mvnRepo/ch/qos/logback/logback-classic/1.2.3/logback-classic-1.2.3.jar, file:/E:/storage/mvnRepo/ch/qos/logback/logback-core/1.2.3/logback-core-1.2.3.jar, file:/E:/storage/mvnRepo/org/apache/logging/log4j/log4j-to-slf4j/2.10.0/log4j-to-slf4j-2.10.0.jar, file:/E:/storage/mvnRepo/org/apache/logging/log4j/log4j-api/2.10.0/log4j-api-2.10.0.jar, file:/E:/storage/mvnRepo/org/slf4j/jul-to-slf4j/1.7.25/jul-to-slf4j-1.7.25.jar, file:/E:/storage/mvnRepo/javax/annotation/javax.annotation-api/1.3.2/javax.annotation-api-1.3.2.jar, file:/E:/storage/mvnRepo/org/yaml/snakeyaml/1.19/snakeyaml-1.19.jar, file:/E:/storage/mvnRepo/org/springframework/boot/spring-boot-starter-json/2.0.6.RELEASE/spring-boot-starter-json-2.0.6.RELEASE.jar, file:/E:/storage/mvnRepo/com/fasterxml/jackson/core/jackson-databind/2.9.7/jackson-databind-2.9.7.jar, file:/E:/storage/mvnRepo/com/fasterxml/jackson/core/jackson-annotations/2.9.0/jackson-annotations-2.9.0.jar, file:/E:/storage/mvnRepo/com/fasterxml/jackson/core/jackson-core/2.9.7/jackson-core-2.9.7.jar, file:/E:/storage/mvnRepo/com/fasterxml/jackson/datatype/jackson-datatype-jdk8/2.9.7/jackson-datatype-jdk8-2.9.7.jar, file:/E:/storage/mvnRepo/com/fasterxml/jackson/datatype/jackson-datatype-jsr310/2.9.7/jackson-datatype-jsr310-2.9.7.jar, file:/E:/storage/mvnRepo/com/fasterxml/jackson/module/jackson-module-parameter-names/2.9.7/jackson-module-parameter-names-2.9.7.jar, file:/E:/storage/mvnRepo/org/springframework/boot/spring-boot-starter-tomcat/2.0.6.RELEASE/spring-boot-starter-tomcat-2.0.6.RELEASE.jar, file:/E:/storage/mvnRepo/org/apache/tomcat/embed/tomcat-embed-core/8.5.34/tomcat-embed-core-8.5.34.jar, file:/E:/storage/mvnRepo/org/apache/tomcat/embed/tomcat-embed-el/8.5.34/tomcat-embed-el-8.5.34.jar, file:/E:/storage/mvnRepo/org/apache/tomcat/embed/tomcat-embed-websocket/8.5.34/tomcat-embed-websocket-8.5.34.jar, file:/E:/storage/mvnRepo/org/hibernate/validator/hibernate-validator/6.0.13.Final/hibernate-validator-6.0.13.Final.jar, file:/E:/storage/mvnRepo/javax/validation/validation-api/2.0.1.Final/validation-api-2.0.1.Final.jar, file:/E:/storage/mvnRepo/org/jboss/logging/jboss-logging/3.3.2.Final/jboss-logging-3.3.2.Final.jar, file:/E:/storage/mvnRepo/com/fasterxml/classmate/1.3.4/classmate-1.3.4.jar, file:/E:/storage/mvnRepo/org/springframework/spring-web/5.0.10.RELEASE/spring-web-5.0.10.RELEASE.jar, file:/E:/storage/mvnRepo/org/springframework/spring-beans/5.0.10.RELEASE/spring-beans-5.0.10.RELEASE.jar, file:/E:/storage/mvnRepo/org/springframework/spring-webmvc/5.0.10.RELEASE/spring-webmvc-5.0.10.RELEASE.jar, file:/E:/storage/mvnRepo/org/springframework/spring-aop/5.0.10.RELEASE/spring-aop-5.0.10.RELEASE.jar, file:/E:/storage/mvnRepo/org/springframework/spring-context/5.0.10.RELEASE/spring-context-5.0.10.RELEASE.jar, file:/E:/storage/mvnRepo/org/springframework/spring-expression/5.0.10.RELEASE/spring-expression-5.0.10.RELEASE.jar, file:/E:/storage/mvnRepo/org/mybatis/spring/boot/mybatis-spring-boot-starter/1.3.2/mybatis-spring-boot-starter-1.3.2.jar, file:/E:/storage/mvnRepo/org/springframework/boot/spring-boot-starter-jdbc/2.0.6.RELEASE/spring-boot-starter-jdbc-2.0.6.RELEASE.jar, file:/E:/storage/mvnRepo/com/zaxxer/HikariCP/2.7.9/HikariCP-2.7.9.jar, file:/E:/storage/mvnRepo/org/springframework/spring-jdbc/5.0.10.RELEASE/spring-jdbc-5.0.10.RELEASE.jar, file:/E:/storage/mvnRepo/org/springframework/spring-tx/5.0.10.RELEASE/spring-tx-5.0.10.RELEASE.jar, file:/E:/storage/mvnRepo/org/mybatis/spring/boot/mybatis-spring-boot-autoconfigure/1.3.2/mybatis-spring-boot-autoconfigure-1.3.2.jar, file:/E:/storage/mvnRepo/org/mybatis/mybatis/3.4.6/mybatis-3.4.6.jar, file:/E:/storage/mvnRepo/org/mybatis/mybatis-spring/1.3.2/mybatis-spring-1.3.2.jar, file:/E:/storage/mvnRepo/mysql/mysql-connector-java/5.1.47/mysql-connector-java-5.1.47.jar, file:/E:/storage/mvnRepo/org/slf4j/slf4j-api/1.7.25/slf4j-api-1.7.25.jar, file:/E:/storage/mvnRepo/org/springframework/spring-core/5.0.10.RELEASE/spring-core-5.0.10.RELEASE.jar, file:/E:/storage/mvnRepo/org/springframework/spring-jcl/5.0.10.RELEASE/spring-jcl-5.0.10.RELEASE.jar]
2018-10-30 01:47:26.799 DEBUG 13368 --- [main] ConditionEvaluationReportLoggingListener : 


============================
CONDITIONS EVALUATION REPORT
============================


Positive matches:
-----------------

   CodecsAutoConfiguration matched:
      - @ConditionalOnClass found required class 'org.springframework.http.codec.CodecConfigurer'; @ConditionalOnMissingClass did not find unwanted class (OnClassCondition)

   CodecsAutoConfiguration.JacksonCodecConfiguration matched:
      - @ConditionalOnClass found required class 'com.fasterxml.jackson.databind.ObjectMapper'; @ConditionalOnMissingClass did not find unwanted class (OnClassCondition)

   CodecsAutoConfiguration.JacksonCodecConfiguration#jacksonCodecCustomizer matched:
      - @ConditionalOnBean (types: com.fasterxml.jackson.databind.ObjectMapper; SearchStrategy: all) found bean 'jacksonObjectMapper' (OnBeanCondition)

   DataSourceAutoConfiguration matched:
      - @ConditionalOnClass found required classes 'javax.sql.DataSource', 'org.springframework.jdbc.datasource.embedded.EmbeddedDatabaseType'; @ConditionalOnMissingClass did not find unwanted class (OnClassCondition)

   DataSourceAutoConfiguration.PooledDataSourceConfiguration matched:
      - AnyNestedCondition 1 matched 1 did not; NestedCondition on DataSourceAutoConfiguration.PooledDataSourceCondition.PooledDataSourceAvailable PooledDataSource found supported DataSource; NestedCondition on DataSourceAutoConfiguration.PooledDataSourceCondition.ExplicitType @ConditionalOnProperty (spring.datasource.type) did not find property 'type' (DataSourceAutoConfiguration.PooledDataSourceCondition)
      - @ConditionalOnMissingBean (types: javax.sql.DataSource,javax.sql.XADataSource; SearchStrategy: all) did not find any beans (OnBeanCondition)

   DataSourceConfiguration.Hikari matched:
      - @ConditionalOnClass found required class 'com.zaxxer.hikari.HikariDataSource'; @ConditionalOnMissingClass did not find unwanted class (OnClassCondition)
      - @ConditionalOnProperty (spring.datasource.type=com.zaxxer.hikari.HikariDataSource) matched (OnPropertyCondition)
      - @ConditionalOnMissingBean (types: javax.sql.DataSource; SearchStrategy: all) did not find any beans (OnBeanCondition)

   DataSourceJmxConfiguration matched:
      - @ConditionalOnProperty (spring.jmx.enabled=true) matched (OnPropertyCondition)

   DataSourceJmxConfiguration.Hikari matched:
      - @ConditionalOnClass found required class 'com.zaxxer.hikari.HikariDataSource'; @ConditionalOnMissingClass did not find unwanted class (OnClassCondition)
      - @ConditionalOnSingleCandidate (types: javax.sql.DataSource; SearchStrategy: all) found a primary bean from beans 'dataSource' (OnBeanCondition)

   DataSourcePoolMetadataProvidersConfiguration.HikariPoolDataSourceMetadataProviderConfiguration matched:
      - @ConditionalOnClass found required class 'com.zaxxer.hikari.HikariDataSource'; @ConditionalOnMissingClass did not find unwanted class (OnClassCondition)

   DataSourceTransactionManagerAutoConfiguration matched:
      - @ConditionalOnClass found required classes 'org.springframework.jdbc.core.JdbcTemplate', 'org.springframework.transaction.PlatformTransactionManager'; @ConditionalOnMissingClass did not find unwanted class (OnClassCondition)

   DataSourceTransactionManagerAutoConfiguration.DataSourceTransactionManagerConfiguration matched:
      - @ConditionalOnSingleCandidate (types: javax.sql.DataSource; SearchStrategy: all) found a primary bean from beans 'dataSource' (OnBeanCondition)

   DataSourceTransactionManagerAutoConfiguration.DataSourceTransactionManagerConfiguration#transactionManager matched:
      - @ConditionalOnMissingBean (types: org.springframework.transaction.PlatformTransactionManager; SearchStrategy: all) did not find any beans (OnBeanCondition)

   DispatcherServletAutoConfiguration matched:
      - @ConditionalOnClass found required class 'org.springframework.web.servlet.DispatcherServlet'; @ConditionalOnMissingClass did not find unwanted class (OnClassCondition)
      - found ConfigurableWebEnvironment (OnWebApplicationCondition)

   DispatcherServletAutoConfiguration.DispatcherServletConfiguration matched:
      - @ConditionalOnClass found required class 'javax.servlet.ServletRegistration'; @ConditionalOnMissingClass did not find unwanted class (OnClassCondition)
      - Default DispatcherServlet did not find dispatcher servlet beans (DispatcherServletAutoConfiguration.DefaultDispatcherServletCondition)

   DispatcherServletAutoConfiguration.DispatcherServletRegistrationConfiguration matched:
      - @ConditionalOnClass found required class 'javax.servlet.ServletRegistration'; @ConditionalOnMissingClass did not find unwanted class (OnClassCondition)
      - DispatcherServlet Registration did not find servlet registration bean (DispatcherServletAutoConfiguration.DispatcherServletRegistrationCondition)

   DispatcherServletAutoConfiguration.DispatcherServletRegistrationConfiguration#dispatcherServletRegistration matched:
      - @ConditionalOnBean (names: dispatcherServlet; types: org.springframework.web.servlet.DispatcherServlet; SearchStrategy: all) found bean 'dispatcherServlet' (OnBeanCondition)

   EmbeddedWebServerFactoryCustomizerAutoConfiguration matched:
      - @ConditionalOnWebApplication (required) found ConfigurableWebEnvironment (OnWebApplicationCondition)

   EmbeddedWebServerFactoryCustomizerAutoConfiguration.TomcatWebServerFactoryCustomizerConfiguration matched:
      - @ConditionalOnClass found required classes 'org.apache.catalina.startup.Tomcat', 'org.apache.coyote.UpgradeProtocol'; @ConditionalOnMissingClass did not find unwanted class (OnClassCondition)

   ErrorMvcAutoConfiguration matched:
      - @ConditionalOnClass found required classes 'javax.servlet.Servlet', 'org.springframework.web.servlet.DispatcherServlet'; @ConditionalOnMissingClass did not find unwanted class (OnClassCondition)
      - found ConfigurableWebEnvironment (OnWebApplicationCondition)

   ErrorMvcAutoConfiguration#basicErrorController matched:
      - @ConditionalOnMissingBean (types: org.springframework.boot.web.servlet.error.ErrorController; SearchStrategy: current) did not find any beans (OnBeanCondition)

   ErrorMvcAutoConfiguration#errorAttributes matched:
      - @ConditionalOnMissingBean (types: org.springframework.boot.web.servlet.error.ErrorAttributes; SearchStrategy: current) did not find any beans (OnBeanCondition)

   ErrorMvcAutoConfiguration.DefaultErrorViewResolverConfiguration#conventionErrorViewResolver matched:
      - @ConditionalOnBean (types: org.springframework.web.servlet.DispatcherServlet; SearchStrategy: all) found bean 'dispatcherServlet'; @ConditionalOnMissingBean (types: org.springframework.boot.autoconfigure.web.servlet.error.DefaultErrorViewResolver; SearchStrategy: all) did not find any beans (OnBeanCondition)

   ErrorMvcAutoConfiguration.WhitelabelErrorViewConfiguration matched:
      - @ConditionalOnProperty (server.error.whitelabel.enabled) matched (OnPropertyCondition)
      - ErrorTemplate Missing did not find error template view (ErrorMvcAutoConfiguration.ErrorTemplateMissingCondition)

   ErrorMvcAutoConfiguration.WhitelabelErrorViewConfiguration#beanNameViewResolver matched:
      - @ConditionalOnMissingBean (types: org.springframework.web.servlet.view.BeanNameViewResolver; SearchStrategy: all) did not find any beans (OnBeanCondition)

   ErrorMvcAutoConfiguration.WhitelabelErrorViewConfiguration#defaultErrorView matched:
      - @ConditionalOnMissingBean (names: error; SearchStrategy: all) did not find any beans (OnBeanCondition)

   GenericCacheConfiguration matched:
      - Cache org.springframework.boot.autoconfigure.cache.GenericCacheConfiguration automatic cache type (CacheCondition)

   HttpEncodingAutoConfiguration matched:
      - @ConditionalOnClass found required class 'org.springframework.web.filter.CharacterEncodingFilter'; @ConditionalOnMissingClass did not find unwanted class (OnClassCondition)
      - found ConfigurableWebEnvironment (OnWebApplicationCondition)
      - @ConditionalOnProperty (spring.http.encoding.enabled) matched (OnPropertyCondition)

   HttpEncodingAutoConfiguration#characterEncodingFilter matched:
      - @ConditionalOnMissingBean (types: org.springframework.web.filter.CharacterEncodingFilter; SearchStrategy: all) did not find any beans (OnBeanCondition)

   HttpMessageConvertersAutoConfiguration matched:
      - @ConditionalOnClass found required class 'org.springframework.http.converter.HttpMessageConverter'; @ConditionalOnMissingClass did not find unwanted class (OnClassCondition)

   HttpMessageConvertersAutoConfiguration#messageConverters matched:
      - @ConditionalOnMissingBean (types: org.springframework.boot.autoconfigure.http.HttpMessageConverters; SearchStrategy: all) did not find any beans (OnBeanCondition)

   HttpMessageConvertersAutoConfiguration.StringHttpMessageConverterConfiguration matched:
      - @ConditionalOnClass found required class 'org.springframework.http.converter.StringHttpMessageConverter'; @ConditionalOnMissingClass did not find unwanted class (OnClassCondition)

   HttpMessageConvertersAutoConfiguration.StringHttpMessageConverterConfiguration#stringHttpMessageConverter matched:
      - @ConditionalOnMissingBean (types: org.springframework.http.converter.StringHttpMessageConverter; SearchStrategy: all) did not find any beans (OnBeanCondition)

   JacksonAutoConfiguration matched:
      - @ConditionalOnClass found required class 'com.fasterxml.jackson.databind.ObjectMapper'; @ConditionalOnMissingClass did not find unwanted class (OnClassCondition)

   JacksonAutoConfiguration.Jackson2ObjectMapperBuilderCustomizerConfiguration matched:
      - @ConditionalOnClass found required class 'org.springframework.http.converter.json.Jackson2ObjectMapperBuilder'; @ConditionalOnMissingClass did not find unwanted class (OnClassCondition)

   JacksonAutoConfiguration.JacksonObjectMapperBuilderConfiguration matched:
      - @ConditionalOnClass found required class 'org.springframework.http.converter.json.Jackson2ObjectMapperBuilder'; @ConditionalOnMissingClass did not find unwanted class (OnClassCondition)

   JacksonAutoConfiguration.JacksonObjectMapperBuilderConfiguration#jacksonObjectMapperBuilder matched:
      - @ConditionalOnMissingBean (types: org.springframework.http.converter.json.Jackson2ObjectMapperBuilder; SearchStrategy: all) did not find any beans (OnBeanCondition)

   JacksonAutoConfiguration.JacksonObjectMapperConfiguration matched:
      - @ConditionalOnClass found required class 'org.springframework.http.converter.json.Jackson2ObjectMapperBuilder'; @ConditionalOnMissingClass did not find unwanted class (OnClassCondition)

   JacksonAutoConfiguration.JacksonObjectMapperConfiguration#jacksonObjectMapper matched:
      - @ConditionalOnMissingBean (types: com.fasterxml.jackson.databind.ObjectMapper; SearchStrategy: all) did not find any beans (OnBeanCondition)

   JacksonAutoConfiguration.ParameterNamesModuleConfiguration matched:
      - @ConditionalOnClass found required class 'com.fasterxml.jackson.module.paramnames.ParameterNamesModule'; @ConditionalOnMissingClass did not find unwanted class (OnClassCondition)

   JacksonAutoConfiguration.ParameterNamesModuleConfiguration#parameterNamesModule matched:
      - @ConditionalOnMissingBean (types: com.fasterxml.jackson.module.paramnames.ParameterNamesModule; SearchStrategy: all) did not find any beans (OnBeanCondition)

   JacksonHttpMessageConvertersConfiguration.MappingJackson2HttpMessageConverterConfiguration matched:
      - @ConditionalOnClass found required class 'com.fasterxml.jackson.databind.ObjectMapper'; @ConditionalOnMissingClass did not find unwanted class (OnClassCondition)
      - @ConditionalOnProperty (spring.http.converters.preferred-json-mapper=jackson) matched (OnPropertyCondition)
      - @ConditionalOnBean (types: com.fasterxml.jackson.databind.ObjectMapper; SearchStrategy: all) found bean 'jacksonObjectMapper' (OnBeanCondition)

   JacksonHttpMessageConvertersConfiguration.MappingJackson2HttpMessageConverterConfiguration#mappingJackson2HttpMessageConverter matched:
      - @ConditionalOnMissingBean (types: org.springframework.http.converter.json.MappingJackson2HttpMessageConverter; SearchStrategy: all) did not find any beans (OnBeanCondition)

   JdbcTemplateAutoConfiguration matched:
      - @ConditionalOnClass found required classes 'javax.sql.DataSource', 'org.springframework.jdbc.core.JdbcTemplate'; @ConditionalOnMissingClass did not find unwanted class (OnClassCondition)
      - @ConditionalOnSingleCandidate (types: javax.sql.DataSource; SearchStrategy: all) found a primary bean from beans 'dataSource' (OnBeanCondition)

   JdbcTemplateAutoConfiguration.JdbcTemplateConfiguration#jdbcTemplate matched:
      - @ConditionalOnMissingBean (types: org.springframework.jdbc.core.JdbcOperations; SearchStrategy: all) did not find any beans (OnBeanCondition)

   JdbcTemplateAutoConfiguration.NamedParameterJdbcTemplateConfiguration#namedParameterJdbcTemplate matched:
      - @ConditionalOnSingleCandidate (types: org.springframework.jdbc.core.JdbcTemplate; SearchStrategy: all) found a primary bean from beans 'jdbcTemplate'; @ConditionalOnMissingBean (types: org.springframework.jdbc.core.namedparam.NamedParameterJdbcOperations; SearchStrategy: all) did not find any beans (OnBeanCondition)

   JmxAutoConfiguration matched:
      - @ConditionalOnClass found required class 'org.springframework.jmx.export.MBeanExporter'; @ConditionalOnMissingClass did not find unwanted class (OnClassCondition)
      - @ConditionalOnProperty (spring.jmx.enabled=true) matched (OnPropertyCondition)

   JmxAutoConfiguration#mbeanExporter matched:
      - @ConditionalOnMissingBean (types: org.springframework.jmx.export.MBeanExporter; SearchStrategy: current) did not find any beans (OnBeanCondition)

   JmxAutoConfiguration#mbeanServer matched:
      - @ConditionalOnMissingBean (types: javax.management.MBeanServer; SearchStrategy: all) did not find any beans (OnBeanCondition)

   JmxAutoConfiguration#objectNamingStrategy matched:
      - @ConditionalOnMissingBean (types: org.springframework.jmx.export.naming.ObjectNamingStrategy; SearchStrategy: current) did not find any beans (OnBeanCondition)

   MultipartAutoConfiguration matched:
      - @ConditionalOnClass found required classes 'javax.servlet.Servlet', 'org.springframework.web.multipart.support.StandardServletMultipartResolver', 'javax.servlet.MultipartConfigElement'; @ConditionalOnMissingClass did not find unwanted class (OnClassCondition)
      - found ConfigurableWebEnvironment (OnWebApplicationCondition)
      - @ConditionalOnProperty (spring.servlet.multipart.enabled) matched (OnPropertyCondition)

   MultipartAutoConfiguration#multipartConfigElement matched:
      - @ConditionalOnMissingBean (types: javax.servlet.MultipartConfigElement,org.springframework.web.multipart.commons.CommonsMultipartResolver; SearchStrategy: all) did not find any beans (OnBeanCondition)

   MultipartAutoConfiguration#multipartResolver matched:
      - @ConditionalOnMissingBean (types: org.springframework.web.multipart.MultipartResolver; SearchStrategy: all) did not find any beans (OnBeanCondition)

   MybatisAutoConfiguration matched:
      - @ConditionalOnClass found required classes 'org.apache.ibatis.session.SqlSessionFactory', 'org.mybatis.spring.SqlSessionFactoryBean'; @ConditionalOnMissingClass did not find unwanted class (OnClassCondition)
      - @ConditionalOnBean (types: javax.sql.DataSource; SearchStrategy: all) found bean 'dataSource' (OnBeanCondition)

   MybatisAutoConfiguration#sqlSessionFactory matched:
      - @ConditionalOnMissingBean (types: org.apache.ibatis.session.SqlSessionFactory; SearchStrategy: all) did not find any beans (OnBeanCondition)

   MybatisAutoConfiguration#sqlSessionTemplate matched:
      - @ConditionalOnMissingBean (types: org.mybatis.spring.SqlSessionTemplate; SearchStrategy: all) did not find any beans (OnBeanCondition)

   MybatisAutoConfiguration.MapperScannerRegistrarNotFoundConfiguration matched:
      - @ConditionalOnMissingBean (types: org.mybatis.spring.mapper.MapperFactoryBean; SearchStrategy: all) did not find any beans (OnBeanCondition)

   NoOpCacheConfiguration matched:
      - Cache org.springframework.boot.autoconfigure.cache.NoOpCacheConfiguration automatic cache type (CacheCondition)

   PersistenceExceptionTranslationAutoConfiguration matched:
      - @ConditionalOnClass found required class 'org.springframework.dao.annotation.PersistenceExceptionTranslationPostProcessor'; @ConditionalOnMissingClass did not find unwanted class (OnClassCondition)

   PersistenceExceptionTranslationAutoConfiguration#persistenceExceptionTranslationPostProcessor matched:
      - @ConditionalOnProperty (spring.dao.exceptiontranslation.enabled) matched (OnPropertyCondition)
      - @ConditionalOnMissingBean (types: org.springframework.dao.annotation.PersistenceExceptionTranslationPostProcessor; SearchStrategy: all) did not find any beans (OnBeanCondition)

   PropertyPlaceholderAutoConfiguration#propertySourcesPlaceholderConfigurer matched:
      - @ConditionalOnMissingBean (types: org.springframework.context.support.PropertySourcesPlaceholderConfigurer; SearchStrategy: current) did not find any beans (OnBeanCondition)

   RestTemplateAutoConfiguration matched:
      - @ConditionalOnClass found required class 'org.springframework.web.client.RestTemplate'; @ConditionalOnMissingClass did not find unwanted class (OnClassCondition)

   RestTemplateAutoConfiguration#restTemplateBuilder matched:
      - @ConditionalOnMissingBean (types: org.springframework.boot.web.client.RestTemplateBuilder; SearchStrategy: all) did not find any beans (OnBeanCondition)

   ServletWebServerFactoryAutoConfiguration matched:
      - @ConditionalOnClass found required class 'javax.servlet.ServletRequest'; @ConditionalOnMissingClass did not find unwanted class (OnClassCondition)
      - found ConfigurableWebEnvironment (OnWebApplicationCondition)

   ServletWebServerFactoryAutoConfiguration#tomcatServletWebServerFactoryCustomizer matched:
      - @ConditionalOnClass found required class 'org.apache.catalina.startup.Tomcat'; @ConditionalOnMissingClass did not find unwanted class (OnClassCondition)

   ServletWebServerFactoryConfiguration.EmbeddedTomcat matched:
      - @ConditionalOnClass found required classes 'javax.servlet.Servlet', 'org.apache.catalina.startup.Tomcat', 'org.apache.coyote.UpgradeProtocol'; @ConditionalOnMissingClass did not find unwanted class (OnClassCondition)
      - @ConditionalOnMissingBean (types: org.springframework.boot.web.servlet.server.ServletWebServerFactory; SearchStrategy: current) did not find any beans (OnBeanCondition)

   SimpleCacheConfiguration matched:
      - Cache org.springframework.boot.autoconfigure.cache.SimpleCacheConfiguration automatic cache type (CacheCondition)

   TransactionAutoConfiguration matched:
      - @ConditionalOnClass found required class 'org.springframework.transaction.PlatformTransactionManager'; @ConditionalOnMissingClass did not find unwanted class (OnClassCondition)

   TransactionAutoConfiguration#platformTransactionManagerCustomizers matched:
      - @ConditionalOnMissingBean (types: org.springframework.boot.autoconfigure.transaction.TransactionManagerCustomizers; SearchStrategy: all) did not find any beans (OnBeanCondition)

   TransactionAutoConfiguration.EnableTransactionManagementConfiguration matched:
      - @ConditionalOnBean (types: org.springframework.transaction.PlatformTransactionManager; SearchStrategy: all) found bean 'transactionManager'; @ConditionalOnMissingBean (types: org.springframework.transaction.annotation.AbstractTransactionManagementConfiguration; SearchStrategy: all) did not find any beans (OnBeanCondition)

   TransactionAutoConfiguration.EnableTransactionManagementConfiguration.CglibAutoProxyConfiguration matched:
      - @ConditionalOnProperty (spring.aop.proxy-target-class=true) matched (OnPropertyCondition)

   TransactionAutoConfiguration.TransactionTemplateConfiguration matched:
      - @ConditionalOnSingleCandidate (types: org.springframework.transaction.PlatformTransactionManager; SearchStrategy: all) found a primary bean from beans 'transactionManager' (OnBeanCondition)

   TransactionAutoConfiguration.TransactionTemplateConfiguration#transactionTemplate matched:
      - @ConditionalOnMissingBean (types: org.springframework.transaction.support.TransactionTemplate; SearchStrategy: all) did not find any beans (OnBeanCondition)

   ValidationAutoConfiguration matched:
      - @ConditionalOnClass found required class 'javax.validation.executable.ExecutableValidator'; @ConditionalOnMissingClass did not find unwanted class (OnClassCondition)
      - @ConditionalOnResource found location classpath:META-INF/services/javax.validation.spi.ValidationProvider (OnResourceCondition)

   ValidationAutoConfiguration#defaultValidator matched:
      - @ConditionalOnMissingBean (types: javax.validation.Validator; SearchStrategy: all) did not find any beans (OnBeanCondition)

   ValidationAutoConfiguration#methodValidationPostProcessor matched:
      - @ConditionalOnMissingBean (types: org.springframework.validation.beanvalidation.MethodValidationPostProcessor; SearchStrategy: all) did not find any beans (OnBeanCondition)

   WebMvcAutoConfiguration matched:
      - @ConditionalOnClass found required classes 'javax.servlet.Servlet', 'org.springframework.web.servlet.DispatcherServlet', 'org.springframework.web.servlet.config.annotation.WebMvcConfigurer'; @ConditionalOnMissingClass did not find unwanted class (OnClassCondition)
      - found ConfigurableWebEnvironment (OnWebApplicationCondition)
      - @ConditionalOnMissingBean (types: org.springframework.web.servlet.config.annotation.WebMvcConfigurationSupport; SearchStrategy: all) did not find any beans (OnBeanCondition)

   WebMvcAutoConfiguration#hiddenHttpMethodFilter matched:
      - @ConditionalOnMissingBean (types: org.springframework.web.filter.HiddenHttpMethodFilter; SearchStrategy: all) did not find any beans (OnBeanCondition)

   WebMvcAutoConfiguration#httpPutFormContentFilter matched:
      - @ConditionalOnProperty (spring.mvc.formcontent.putfilter.enabled) matched (OnPropertyCondition)
      - @ConditionalOnMissingBean (types: org.springframework.web.filter.HttpPutFormContentFilter; SearchStrategy: all) did not find any beans (OnBeanCondition)

   WebMvcAutoConfiguration.WebMvcAutoConfigurationAdapter#defaultViewResolver matched:
      - @ConditionalOnMissingBean (types: org.springframework.web.servlet.view.InternalResourceViewResolver; SearchStrategy: all) did not find any beans (OnBeanCondition)

   WebMvcAutoConfiguration.WebMvcAutoConfigurationAdapter#requestContextFilter matched:
      - @ConditionalOnMissingBean (types: org.springframework.web.context.request.RequestContextListener,org.springframework.web.filter.RequestContextFilter; SearchStrategy: all) did not find any beans (OnBeanCondition)

   WebMvcAutoConfiguration.WebMvcAutoConfigurationAdapter#viewResolver matched:
      - @ConditionalOnBean (types: org.springframework.web.servlet.ViewResolver; SearchStrategy: all) found beans 'defaultViewResolver', 'beanNameViewResolver', 'mvcViewResolver'; @ConditionalOnMissingBean (names: viewResolver; types: org.springframework.web.servlet.view.ContentNegotiatingViewResolver; SearchStrategy: all) did not find any beans (OnBeanCondition)

   WebMvcAutoConfiguration.WebMvcAutoConfigurationAdapter.FaviconConfiguration matched:
      - @ConditionalOnProperty (spring.mvc.favicon.enabled) matched (OnPropertyCondition)

   WebSocketServletAutoConfiguration matched:
      - @ConditionalOnClass found required classes 'javax.servlet.Servlet', 'javax.websocket.server.ServerContainer'; @ConditionalOnMissingClass did not find unwanted class (OnClassCondition)
      - found ConfigurableWebEnvironment (OnWebApplicationCondition)

   WebSocketServletAutoConfiguration.TomcatWebSocketConfiguration matched:
      - @ConditionalOnClass found required classes 'org.apache.catalina.startup.Tomcat', 'org.apache.tomcat.websocket.server.WsSci'; @ConditionalOnMissingClass did not find unwanted class (OnClassCondition)

   WebSocketServletAutoConfiguration.TomcatWebSocketConfiguration#websocketServletWebServerCustomizer matched:
      - @ConditionalOnMissingBean (names: websocketServletWebServerCustomizer; SearchStrategy: all) did not find any beans (OnBeanCondition)


Negative matches:
-----------------

   ActiveMQAutoConfiguration:
      Did not match:
         - @ConditionalOnClass did not find required classes 'javax.jms.ConnectionFactory', 'org.apache.activemq.ActiveMQConnectionFactory' (OnClassCondition)

   AopAutoConfiguration:
      Did not match:
         - @ConditionalOnClass did not find required classes 'org.aspectj.lang.annotation.Aspect', 'org.aspectj.lang.reflect.Advice', 'org.aspectj.weaver.AnnotatedElement' (OnClassCondition)

   ArtemisAutoConfiguration:
      Did not match:
         - @ConditionalOnClass did not find required classes 'javax.jms.ConnectionFactory', 'org.apache.activemq.artemis.jms.client.ActiveMQConnectionFactory' (OnClassCondition)

   BatchAutoConfiguration:
      Did not match:
         - @ConditionalOnClass did not find required class 'org.springframework.batch.core.launch.JobLauncher' (OnClassCondition)

   CacheAutoConfiguration:
      Did not match:
         - @ConditionalOnBean (types: org.springframework.cache.interceptor.CacheAspectSupport; SearchStrategy: all) did not find any beans of type org.springframework.cache.interceptor.CacheAspectSupport (OnBeanCondition)
      Matched:
         - @ConditionalOnClass found required class 'org.springframework.cache.CacheManager'; @ConditionalOnMissingClass did not find unwanted class (OnClassCondition)

   CacheAutoConfiguration.CacheManagerJpaDependencyConfiguration:
      Did not match:
         - @ConditionalOnClass did not find required class 'org.springframework.orm.jpa.LocalContainerEntityManagerFactoryBean' (OnClassCondition)
         - Ancestor org.springframework.boot.autoconfigure.cache.CacheAutoConfiguration did not match (ConditionEvaluationReport.AncestorsMatchedCondition)

   CaffeineCacheConfiguration:
      Did not match:
         - @ConditionalOnClass did not find required classes 'com.github.benmanes.caffeine.cache.Caffeine', 'org.springframework.cache.caffeine.CaffeineCacheManager' (OnClassCondition)

   CassandraAutoConfiguration:
      Did not match:
         - @ConditionalOnClass did not find required class 'com.datastax.driver.core.Cluster' (OnClassCondition)

   CassandraDataAutoConfiguration:
      Did not match:
         - @ConditionalOnClass did not find required classes 'com.datastax.driver.core.Cluster', 'org.springframework.data.cassandra.core.CassandraAdminOperations' (OnClassCondition)

   CassandraReactiveDataAutoConfiguration:
      Did not match:
         - @ConditionalOnClass did not find required classes 'com.datastax.driver.core.Cluster', 'org.springframework.data.cassandra.core.ReactiveCassandraTemplate', 'reactor.core.publisher.Flux' (OnClassCondition)

   CassandraReactiveRepositoriesAutoConfiguration:
      Did not match:
         - @ConditionalOnClass did not find required classes 'org.springframework.data.cassandra.ReactiveSession', 'org.springframework.data.cassandra.repository.ReactiveCassandraRepository' (OnClassCondition)

   CassandraRepositoriesAutoConfiguration:
      Did not match:
         - @ConditionalOnClass did not find required classes 'com.datastax.driver.core.Session', 'org.springframework.data.cassandra.repository.CassandraRepository' (OnClassCondition)

   CloudAutoConfiguration:
      Did not match:
         - @ConditionalOnClass did not find required class 'org.springframework.cloud.config.java.CloudScanConfiguration' (OnClassCondition)

   CouchbaseAutoConfiguration:
      Did not match:
         - @ConditionalOnClass did not find required classes 'com.couchbase.client.java.CouchbaseBucket', 'com.couchbase.client.java.Cluster' (OnClassCondition)

   CouchbaseCacheConfiguration:
      Did not match:
         - @ConditionalOnClass did not find required classes 'com.couchbase.client.java.Bucket', 'com.couchbase.client.spring.cache.CouchbaseCacheManager' (OnClassCondition)

   CouchbaseDataAutoConfiguration:
      Did not match:
         - @ConditionalOnClass did not find required classes 'com.couchbase.client.java.Bucket', 'org.springframework.data.couchbase.repository.CouchbaseRepository' (OnClassCondition)

   CouchbaseReactiveDataAutoConfiguration:
      Did not match:
         - @ConditionalOnClass did not find required classes 'com.couchbase.client.java.Bucket', 'org.springframework.data.couchbase.repository.ReactiveCouchbaseRepository', 'reactor.core.publisher.Flux' (OnClassCondition)

   CouchbaseReactiveRepositoriesAutoConfiguration:
      Did not match:
         - @ConditionalOnClass did not find required classes 'com.couchbase.client.java.Bucket', 'org.springframework.data.couchbase.repository.ReactiveCouchbaseRepository', 'reactor.core.publisher.Flux' (OnClassCondition)

   CouchbaseRepositoriesAutoConfiguration:
      Did not match:
         - @ConditionalOnClass did not find required classes 'com.couchbase.client.java.Bucket', 'org.springframework.data.couchbase.repository.CouchbaseRepository' (OnClassCondition)

   DataSourceAutoConfiguration.EmbeddedDatabaseConfiguration:
      Did not match:
         - EmbeddedDataSource found supported pooled data source (DataSourceAutoConfiguration.EmbeddedDatabaseCondition)

   DataSourceConfiguration.Dbcp2:
      Did not match:
         - @ConditionalOnClass did not find required class 'org.apache.commons.dbcp2.BasicDataSource' (OnClassCondition)

   DataSourceConfiguration.Generic:
      Did not match:
         - @ConditionalOnProperty (spring.datasource.type) did not find property 'spring.datasource.type' (OnPropertyCondition)

   DataSourceConfiguration.Tomcat:
      Did not match:
         - @ConditionalOnClass did not find required class 'org.apache.tomcat.jdbc.pool.DataSource' (OnClassCondition)

   DataSourceJmxConfiguration.TomcatDataSourceJmxConfiguration:
      Did not match:
         - @ConditionalOnClass did not find required class 'org.apache.tomcat.jdbc.pool.DataSourceProxy' (OnClassCondition)

   DataSourcePoolMetadataProvidersConfiguration.CommonsDbcp2PoolDataSourceMetadataProviderConfiguration:
      Did not match:
         - @ConditionalOnClass did not find required class 'org.apache.commons.dbcp2.BasicDataSource' (OnClassCondition)

   DataSourcePoolMetadataProvidersConfiguration.TomcatDataSourcePoolMetadataProviderConfiguration:
      Did not match:
         - @ConditionalOnClass did not find required class 'org.apache.tomcat.jdbc.pool.DataSource' (OnClassCondition)

   DispatcherServletAutoConfiguration.DispatcherServletConfiguration#multipartResolver:
      Did not match:
         - @ConditionalOnBean (types: org.springframework.web.multipart.MultipartResolver; SearchStrategy: all) did not find any beans of type org.springframework.web.multipart.MultipartResolver (OnBeanCondition)

   EhCacheCacheConfiguration:
      Did not match:
         - @ConditionalOnClass did not find required classes 'net.sf.ehcache.Cache', 'org.springframework.cache.ehcache.EhCacheCacheManager' (OnClassCondition)

   ElasticsearchAutoConfiguration:
      Did not match:
         - @ConditionalOnClass did not find required classes 'org.elasticsearch.client.Client', 'org.springframework.data.elasticsearch.client.TransportClientFactoryBean' (OnClassCondition)

   ElasticsearchDataAutoConfiguration:
      Did not match:
         - @ConditionalOnClass did not find required classes 'org.elasticsearch.client.Client', 'org.springframework.data.elasticsearch.core.ElasticsearchTemplate' (OnClassCondition)

   ElasticsearchRepositoriesAutoConfiguration:
      Did not match:
         - @ConditionalOnClass did not find required classes 'org.elasticsearch.client.Client', 'org.springframework.data.elasticsearch.repository.ElasticsearchRepository' (OnClassCondition)

   EmbeddedLdapAutoConfiguration:
      Did not match:
         - @ConditionalOnClass did not find required class 'com.unboundid.ldap.listener.InMemoryDirectoryServer' (OnClassCondition)

   EmbeddedMongoAutoConfiguration:
      Did not match:
         - @ConditionalOnClass did not find required classes 'com.mongodb.MongoClient', 'de.flapdoodle.embed.mongo.MongodStarter' (OnClassCondition)

   EmbeddedWebServerFactoryCustomizerAutoConfiguration.JettyWebServerFactoryCustomizerConfiguration:
      Did not match:
         - @ConditionalOnClass did not find required classes 'org.eclipse.jetty.server.Server', 'org.eclipse.jetty.util.Loader', 'org.eclipse.jetty.webapp.WebAppContext' (OnClassCondition)

   EmbeddedWebServerFactoryCustomizerAutoConfiguration.UndertowWebServerFactoryCustomizerConfiguration:
      Did not match:
         - @ConditionalOnClass did not find required classes 'io.undertow.Undertow', 'org.xnio.SslClientAuthMode' (OnClassCondition)

   ErrorWebFluxAutoConfiguration:
      Did not match:
         - @ConditionalOnClass did not find required class 'org.springframework.web.reactive.config.WebFluxConfigurer' (OnClassCondition)

   FlywayAutoConfiguration:
      Did not match:
         - @ConditionalOnClass did not find required class 'org.flywaydb.core.Flyway' (OnClassCondition)

   FreeMarkerAutoConfiguration:
      Did not match:
         - @ConditionalOnClass did not find required classes 'freemarker.template.Configuration', 'org.springframework.ui.freemarker.FreeMarkerConfigurationFactory' (OnClassCondition)

   GroovyTemplateAutoConfiguration:
      Did not match:
         - @ConditionalOnClass did not find required class 'groovy.text.markup.MarkupTemplateEngine' (OnClassCondition)

   GsonAutoConfiguration:
      Did not match:
         - @ConditionalOnClass did not find required class 'com.google.gson.Gson' (OnClassCondition)

   GsonHttpMessageConvertersConfiguration:
      Did not match:
         - @ConditionalOnClass did not find required class 'com.google.gson.Gson' (OnClassCondition)

   H2ConsoleAutoConfiguration:
      Did not match:
         - @ConditionalOnClass did not find required class 'org.h2.server.web.WebServlet' (OnClassCondition)

   HazelcastAutoConfiguration:
      Did not match:
         - @ConditionalOnClass did not find required class 'com.hazelcast.core.HazelcastInstance' (OnClassCondition)

   HazelcastCacheConfiguration:
      Did not match:
         - @ConditionalOnClass did not find required classes 'com.hazelcast.core.HazelcastInstance', 'com.hazelcast.spring.cache.HazelcastCacheManager' (OnClassCondition)

   HazelcastJpaDependencyAutoConfiguration:
      Did not match:
         - @ConditionalOnClass did not find required classes 'com.hazelcast.core.HazelcastInstance', 'org.springframework.orm.jpa.LocalContainerEntityManagerFactoryBean' (OnClassCondition)

   HibernateJpaAutoConfiguration:
      Did not match:
         - @ConditionalOnClass did not find required classes 'org.springframework.orm.jpa.LocalContainerEntityManagerFactoryBean', 'javax.persistence.EntityManager' (OnClassCondition)

   HttpHandlerAutoConfiguration:
      Did not match:
         - @ConditionalOnClass did not find required class 'org.springframework.web.reactive.DispatcherHandler' (OnClassCondition)

   HypermediaAutoConfiguration:
      Did not match:
         - @ConditionalOnClass did not find required classes 'org.springframework.hateoas.Resource', 'org.springframework.plugin.core.Plugin' (OnClassCondition)

   InfinispanCacheConfiguration:
      Did not match:
         - @ConditionalOnClass did not find required class 'org.infinispan.spring.provider.SpringEmbeddedCacheManager' (OnClassCondition)

   InfluxDbAutoConfiguration:
      Did not match:
         - @ConditionalOnClass did not find required class 'org.influxdb.InfluxDB' (OnClassCondition)

   IntegrationAutoConfiguration:
      Did not match:
         - @ConditionalOnClass did not find required class 'org.springframework.integration.config.EnableIntegration' (OnClassCondition)

   JCacheCacheConfiguration:
      Did not match:
         - @ConditionalOnClass did not find required classes 'javax.cache.Caching', 'org.springframework.cache.jcache.JCacheCacheManager' (OnClassCondition)

   JacksonAutoConfiguration.JodaDateTimeJacksonConfiguration:
      Did not match:
         - @ConditionalOnClass did not find required classes 'org.joda.time.DateTime', 'com.fasterxml.jackson.datatype.joda.ser.DateTimeSerializer', 'com.fasterxml.jackson.datatype.joda.cfg.JacksonJodaDateFormat' (OnClassCondition)

   JacksonHttpMessageConvertersConfiguration.MappingJackson2XmlHttpMessageConverterConfiguration:
      Did not match:
         - @ConditionalOnClass did not find required class 'com.fasterxml.jackson.dataformat.xml.XmlMapper' (OnClassCondition)

   JerseyAutoConfiguration:
      Did not match:
         - @ConditionalOnClass did not find required class 'org.glassfish.jersey.server.spring.SpringComponentProvider' (OnClassCondition)

   JestAutoConfiguration:
      Did not match:
         - @ConditionalOnClass did not find required class 'io.searchbox.client.JestClient' (OnClassCondition)

   JmsAutoConfiguration:
      Did not match:
         - @ConditionalOnClass did not find required classes 'javax.jms.Message', 'org.springframework.jms.core.JmsTemplate' (OnClassCondition)

   JndiConnectionFactoryAutoConfiguration:
      Did not match:
         - @ConditionalOnClass did not find required class 'org.springframework.jms.core.JmsTemplate' (OnClassCondition)

   JndiDataSourceAutoConfiguration:
      Did not match:
         - @ConditionalOnProperty (spring.datasource.jndi-name) did not find property 'jndi-name' (OnPropertyCondition)
      Matched:
         - @ConditionalOnClass found required classes 'javax.sql.DataSource', 'org.springframework.jdbc.datasource.embedded.EmbeddedDatabaseType'; @ConditionalOnMissingClass did not find unwanted class (OnClassCondition)

   JooqAutoConfiguration:
      Did not match:
         - @ConditionalOnClass did not find required class 'org.jooq.DSLContext' (OnClassCondition)

   JpaRepositoriesAutoConfiguration:
      Did not match:
         - @ConditionalOnClass did not find required class 'org.springframework.data.jpa.repository.JpaRepository' (OnClassCondition)

   JsonbAutoConfiguration:
      Did not match:
         - @ConditionalOnClass did not find required class 'javax.json.bind.Jsonb' (OnClassCondition)

   JsonbHttpMessageConvertersConfiguration:
      Did not match:
         - @ConditionalOnClass did not find required class 'javax.json.bind.Jsonb' (OnClassCondition)

   JtaAutoConfiguration:
      Did not match:
         - @ConditionalOnClass did not find required class 'javax.transaction.Transaction' (OnClassCondition)

   KafkaAutoConfiguration:
      Did not match:
         - @ConditionalOnClass did not find required class 'org.springframework.kafka.core.KafkaTemplate' (OnClassCondition)

   LdapAutoConfiguration:
      Did not match:
         - @ConditionalOnClass did not find required class 'org.springframework.ldap.core.ContextSource' (OnClassCondition)

   LdapDataAutoConfiguration:
      Did not match:
         - @ConditionalOnClass did not find required class 'org.springframework.data.ldap.repository.LdapRepository' (OnClassCondition)

   LdapRepositoriesAutoConfiguration:
      Did not match:
         - @ConditionalOnClass did not find required class 'org.springframework.data.ldap.repository.LdapRepository' (OnClassCondition)

   LiquibaseAutoConfiguration:
      Did not match:
         - @ConditionalOnClass did not find required classes 'liquibase.integration.spring.SpringLiquibase', 'liquibase.change.DatabaseChange' (OnClassCondition)

   MailSenderAutoConfiguration:
      Did not match:
         - @ConditionalOnClass did not find required classes 'javax.mail.internet.MimeMessage', 'org.springframework.mail.MailSender' (OnClassCondition)

   MailSenderValidatorAutoConfiguration:
      Did not match:
         - @ConditionalOnProperty (spring.mail.test-connection) did not find property 'test-connection' (OnPropertyCondition)

   MessageSourceAutoConfiguration:
      Did not match:
         - ResourceBundle did not find bundle with basename messages (MessageSourceAutoConfiguration.ResourceBundleCondition)

   MongoAutoConfiguration:
      Did not match:
         - @ConditionalOnClass did not find required class 'com.mongodb.MongoClient' (OnClassCondition)

   MongoDataAutoConfiguration:
      Did not match:
         - @ConditionalOnClass did not find required classes 'com.mongodb.MongoClient', 'org.springframework.data.mongodb.core.MongoTemplate' (OnClassCondition)

   MongoReactiveAutoConfiguration:
      Did not match:
         - @ConditionalOnClass did not find required class 'com.mongodb.reactivestreams.client.MongoClient' (OnClassCondition)

   MongoReactiveDataAutoConfiguration:
      Did not match:
         - @ConditionalOnClass did not find required classes 'com.mongodb.reactivestreams.client.MongoClient', 'org.springframework.data.mongodb.core.ReactiveMongoTemplate' (OnClassCondition)

   MongoReactiveRepositoriesAutoConfiguration:
      Did not match:
         - @ConditionalOnClass did not find required classes 'com.mongodb.reactivestreams.client.MongoClient', 'org.springframework.data.mongodb.repository.ReactiveMongoRepository' (OnClassCondition)

   MongoRepositoriesAutoConfiguration:
      Did not match:
         - @ConditionalOnClass did not find required classes 'com.mongodb.MongoClient', 'org.springframework.data.mongodb.repository.MongoRepository' (OnClassCondition)

   MustacheAutoConfiguration:
      Did not match:
         - @ConditionalOnClass did not find required class 'com.samskivert.mustache.Mustache' (OnClassCondition)

   Neo4jDataAutoConfiguration:
      Did not match:
         - @ConditionalOnClass did not find required classes 'org.neo4j.ogm.session.SessionFactory', 'org.springframework.data.neo4j.transaction.Neo4jTransactionManager' (OnClassCondition)

   Neo4jRepositoriesAutoConfiguration:
      Did not match:
         - @ConditionalOnClass did not find required classes 'org.neo4j.ogm.session.Neo4jSession', 'org.springframework.data.neo4j.repository.Neo4jRepository' (OnClassCondition)

   OAuth2ClientAutoConfiguration:
      Did not match:
         - @ConditionalOnClass did not find required classes 'org.springframework.security.config.annotation.web.configuration.EnableWebSecurity', 'org.springframework.security.oauth2.client.registration.ClientRegistration' (OnClassCondition)

   ProjectInfoAutoConfiguration#buildProperties:
      Did not match:
         - @ConditionalOnResource did not find resource '${spring.info.build.location:classpath:META-INF/build-info.properties}' (OnResourceCondition)

   ProjectInfoAutoConfiguration#gitProperties:
      Did not match:
         - GitResource did not find git info at classpath:git.properties (ProjectInfoAutoConfiguration.GitResourceAvailableCondition)

   QuartzAutoConfiguration:
      Did not match:
         - @ConditionalOnClass did not find required classes 'org.quartz.Scheduler', 'org.springframework.scheduling.quartz.SchedulerFactoryBean' (OnClassCondition)

   RabbitAutoConfiguration:
      Did not match:
         - @ConditionalOnClass did not find required classes 'org.springframework.amqp.rabbit.core.RabbitTemplate', 'com.rabbitmq.client.Channel' (OnClassCondition)

   ReactiveSecurityAutoConfiguration:
      Did not match:
         - @ConditionalOnClass did not find required classes 'reactor.core.publisher.Flux', 'org.springframework.security.config.annotation.web.reactive.EnableWebFluxSecurity', 'org.springframework.security.web.server.WebFilterChainProxy' (OnClassCondition)

   ReactiveUserDetailsServiceAutoConfiguration:
      Did not match:
         - @ConditionalOnClass did not find required class 'org.springframework.security.authentication.ReactiveAuthenticationManager' (OnClassCondition)

   ReactiveWebServerFactoryAutoConfiguration:
      Did not match:
         - not a reactive web application (OnWebApplicationCondition)
      Matched:
         - @ConditionalOnClass found required class 'org.springframework.http.ReactiveHttpInputMessage'; @ConditionalOnMissingClass did not find unwanted class (OnClassCondition)

   ReactorCoreAutoConfiguration:
      Did not match:
         - @ConditionalOnClass did not find required classes 'reactor.core.publisher.Mono', 'reactor.core.publisher.Flux' (OnClassCondition)

   RedisAutoConfiguration:
      Did not match:
         - @ConditionalOnClass did not find required class 'org.springframework.data.redis.core.RedisOperations' (OnClassCondition)

   RedisCacheConfiguration:
      Did not match:
         - @ConditionalOnClass did not find required class 'org.springframework.data.redis.connection.RedisConnectionFactory' (OnClassCondition)

   RedisReactiveAutoConfiguration:
      Did not match:
         - @ConditionalOnClass did not find required classes 'org.springframework.data.redis.connection.ReactiveRedisConnectionFactory', 'org.springframework.data.redis.core.ReactiveRedisTemplate', 'reactor.core.publisher.Flux' (OnClassCondition)

   RedisRepositoriesAutoConfiguration:
      Did not match:
         - @ConditionalOnClass did not find required class 'org.springframework.data.redis.repository.configuration.EnableRedisRepositories' (OnClassCondition)

   RepositoryRestMvcAutoConfiguration:
      Did not match:
         - @ConditionalOnClass did not find required class 'org.springframework.data.rest.webmvc.config.RepositoryRestMvcConfiguration' (OnClassCondition)

   SecurityAutoConfiguration:
      Did not match:
         - @ConditionalOnClass did not find required class 'org.springframework.security.authentication.DefaultAuthenticationEventPublisher' (OnClassCondition)

   SecurityFilterAutoConfiguration:
      Did not match:
         - @ConditionalOnClass did not find required classes 'org.springframework.security.web.context.AbstractSecurityWebApplicationInitializer', 'org.springframework.security.config.http.SessionCreationPolicy' (OnClassCondition)

   SecurityRequestMatcherProviderAutoConfiguration:
      Did not match:
         - @ConditionalOnClass did not find required class 'org.springframework.security.web.util.matcher.RequestMatcher' (OnClassCondition)

   SendGridAutoConfiguration:
      Did not match:
         - @ConditionalOnClass did not find required class 'com.sendgrid.SendGrid' (OnClassCondition)

   ServletWebServerFactoryConfiguration.EmbeddedJetty:
      Did not match:
         - @ConditionalOnClass did not find required classes 'org.eclipse.jetty.server.Server', 'org.eclipse.jetty.util.Loader', 'org.eclipse.jetty.webapp.WebAppContext' (OnClassCondition)

   ServletWebServerFactoryConfiguration.EmbeddedUndertow:
      Did not match:
         - @ConditionalOnClass did not find required classes 'io.undertow.Undertow', 'org.xnio.SslClientAuthMode' (OnClassCondition)

   SessionAutoConfiguration:
      Did not match:
         - @ConditionalOnClass did not find required class 'org.springframework.session.Session' (OnClassCondition)

   SolrAutoConfiguration:
      Did not match:
         - @ConditionalOnClass did not find required classes 'org.apache.solr.client.solrj.impl.HttpSolrClient', 'org.apache.solr.client.solrj.impl.CloudSolrClient' (OnClassCondition)

   SolrRepositoriesAutoConfiguration:
      Did not match:
         - @ConditionalOnClass did not find required classes 'org.apache.solr.client.solrj.SolrClient', 'org.springframework.data.solr.repository.SolrRepository' (OnClassCondition)

   SpringApplicationAdminJmxAutoConfiguration:
      Did not match:
         - @ConditionalOnProperty (spring.application.admin.enabled=true) did not find property 'enabled' (OnPropertyCondition)

   SpringDataWebAutoConfiguration:
      Did not match:
         - @ConditionalOnClass did not find required class 'org.springframework.data.web.PageableHandlerMethodArgumentResolver' (OnClassCondition)

   ThymeleafAutoConfiguration:
      Did not match:
         - @ConditionalOnClass did not find required class 'org.thymeleaf.templatemode.TemplateMode' (OnClassCondition)

   TransactionAutoConfiguration.EnableTransactionManagementConfiguration.JdkDynamicAutoProxyConfiguration:
      Did not match:
         - @ConditionalOnProperty (spring.aop.proxy-target-class=false) did not find property 'proxy-target-class' (OnPropertyCondition)

   UserDetailsServiceAutoConfiguration:
      Did not match:
         - @ConditionalOnClass did not find required class 'org.springframework.security.authentication.AuthenticationManager' (OnClassCondition)

   WebClientAutoConfiguration:
      Did not match:
         - @ConditionalOnClass did not find required class 'org.springframework.web.reactive.function.client.WebClient' (OnClassCondition)

   WebFluxAutoConfiguration:
      Did not match:
         - @ConditionalOnClass did not find required class 'org.springframework.web.reactive.config.WebFluxConfigurer' (OnClassCondition)

   WebMvcAutoConfiguration.ResourceChainCustomizerConfiguration:
      Did not match:
         - @ConditionalOnEnabledResourceChain did not find class org.webjars.WebJarAssetLocator (OnEnabledResourceChainCondition)

   WebMvcAutoConfiguration.WebMvcAutoConfigurationAdapter#beanNameViewResolver:
      Did not match:
         - @ConditionalOnMissingBean (types: org.springframework.web.servlet.view.BeanNameViewResolver; SearchStrategy: all) found beans of type 'org.springframework.web.servlet.view.BeanNameViewResolver' beanNameViewResolver (OnBeanCondition)

   WebMvcAutoConfiguration.WebMvcAutoConfigurationAdapter#localeResolver:
      Did not match:
         - @ConditionalOnProperty (spring.mvc.locale) did not find property 'locale' (OnPropertyCondition)

   WebServicesAutoConfiguration:
      Did not match:
         - @ConditionalOnClass did not find required class 'org.springframework.ws.transport.http.MessageDispatcherServlet' (OnClassCondition)

   WebSocketMessagingAutoConfiguration:
      Did not match:
         - @ConditionalOnClass did not find required class 'org.springframework.web.socket.config.annotation.WebSocketMessageBrokerConfigurer' (OnClassCondition)

   WebSocketReactiveAutoConfiguration:
      Did not match:
         - not a reactive web application (OnWebApplicationCondition)
      Matched:
         - @ConditionalOnClass found required classes 'javax.servlet.Servlet', 'javax.websocket.server.ServerContainer'; @ConditionalOnMissingClass did not find unwanted class (OnClassCondition)

   WebSocketServletAutoConfiguration.JettyWebSocketConfiguration:
      Did not match:
         - @ConditionalOnClass did not find required class 'org.eclipse.jetty.websocket.jsr356.server.deploy.WebSocketServerContainerInitializer' (OnClassCondition)

   WebSocketServletAutoConfiguration.UndertowWebSocketConfiguration:
      Did not match:
         - @ConditionalOnClass did not find required class 'io.undertow.websockets.jsr.Bootstrap' (OnClassCondition)

   XADataSourceAutoConfiguration:
      Did not match:
         - @ConditionalOnClass did not find required class 'javax.transaction.TransactionManager' (OnClassCondition)


Exclusions:
-----------

    None


Unconditional classes:
----------------------

    org.springframework.boot.autoconfigure.context.PropertyPlaceholderAutoConfiguration

    org.springframework.boot.autoconfigure.context.ConfigurationPropertiesAutoConfiguration

    org.springframework.boot.autoconfigure.info.ProjectInfoAutoConfiguration



2018-10-30 01:47:27.005 DEBUG 13368 --- [main] o.s.b.d.LoggingFailureAnalysisReporter   : Application failed to start due to an exception

org.springframework.boot.autoconfigure.jdbc.DataSourceProperties$DataSourceBeanCreationException: Failed to determine a suitable driver class
	at org.springframework.boot.autoconfigure.jdbc.DataSourceProperties.determineDriverClassName(DataSourceProperties.java:236) ~[spring-boot-autoconfigure-2.0.6.RELEASE.jar:2.0.6.RELEASE]
	at org.springframework.boot.autoconfigure.jdbc.DataSourceProperties.initializeDataSourceBuilder(DataSourceProperties.java:176) ~[spring-boot-autoconfigure-2.0.6.RELEASE.jar:2.0.6.RELEASE]
	at org.springframework.boot.autoconfigure.jdbc.DataSourceConfiguration.createDataSource(DataSourceConfiguration.java:43) ~[spring-boot-autoconfigure-2.0.6.RELEASE.jar:2.0.6.RELEASE]
	at org.springframework.boot.autoconfigure.jdbc.DataSourceConfiguration$Hikari.dataSource(DataSourceConfiguration.java:83) ~[spring-boot-autoconfigure-2.0.6.RELEASE.jar:2.0.6.RELEASE]
	at sun.reflect.NativeMethodAccessorImpl.invoke0(Native Method) ~[na:1.8.0_191]
	at sun.reflect.NativeMethodAccessorImpl.invoke(Unknown Source) ~[na:1.8.0_191]
	at sun.reflect.DelegatingMethodAccessorImpl.invoke(Unknown Source) ~[na:1.8.0_191]
	at java.lang.reflect.Method.invoke(Unknown Source) ~[na:1.8.0_191]
	at org.springframework.beans.factory.support.SimpleInstantiationStrategy.instantiate(SimpleInstantiationStrategy.java:154) ~[spring-beans-5.0.10.RELEASE.jar:5.0.10.RELEASE]
	at org.springframework.beans.factory.support.ConstructorResolver.instantiateUsingFactoryMethod(ConstructorResolver.java:583) ~[spring-beans-5.0.10.RELEASE.jar:5.0.10.RELEASE]
	at org.springframework.beans.factory.support.AbstractAutowireCapableBeanFactory.instantiateUsingFactoryMethod(AbstractAutowireCapableBeanFactory.java:1246) ~[spring-beans-5.0.10.RELEASE.jar:5.0.10.RELEASE]
	at org.springframework.beans.factory.support.AbstractAutowireCapableBeanFactory.createBeanInstance(AbstractAutowireCapableBeanFactory.java:1096) ~[spring-beans-5.0.10.RELEASE.jar:5.0.10.RELEASE]
	at org.springframework.beans.factory.support.AbstractAutowireCapableBeanFactory.doCreateBean(AbstractAutowireCapableBeanFactory.java:535) ~[spring-beans-5.0.10.RELEASE.jar:5.0.10.RELEASE]
	at org.springframework.beans.factory.support.AbstractAutowireCapableBeanFactory.createBean(AbstractAutowireCapableBeanFactory.java:495) ~[spring-beans-5.0.10.RELEASE.jar:5.0.10.RELEASE]
	at org.springframework.beans.factory.support.AbstractBeanFactory.lambda$doGetBean$0(AbstractBeanFactory.java:317) ~[spring-beans-5.0.10.RELEASE.jar:5.0.10.RELEASE]
	at org.springframework.beans.factory.support.DefaultSingletonBeanRegistry.getSingleton(DefaultSingletonBeanRegistry.java:222) ~[spring-beans-5.0.10.RELEASE.jar:5.0.10.RELEASE]
	at org.springframework.beans.factory.support.AbstractBeanFactory.doGetBean(AbstractBeanFactory.java:315) ~[spring-beans-5.0.10.RELEASE.jar:5.0.10.RELEASE]
	at org.springframework.beans.factory.support.AbstractBeanFactory.getBean(AbstractBeanFactory.java:199) ~[spring-beans-5.0.10.RELEASE.jar:5.0.10.RELEASE]
	at org.springframework.beans.factory.support.DefaultListableBeanFactory.preInstantiateSingletons(DefaultListableBeanFactory.java:759) ~[spring-beans-5.0.10.RELEASE.jar:5.0.10.RELEASE]
	at org.springframework.context.support.AbstractApplicationContext.finishBeanFactoryInitialization(AbstractApplicationContext.java:867) ~[spring-context-5.0.10.RELEASE.jar:5.0.10.RELEASE]
	at org.springframework.context.support.AbstractApplicationContext.refresh(AbstractApplicationContext.java:548) ~[spring-context-5.0.10.RELEASE.jar:5.0.10.RELEASE]
	at org.springframework.boot.web.servlet.context.ServletWebServerApplicationContext.refresh(ServletWebServerApplicationContext.java:140) ~[spring-boot-2.0.6.RELEASE.jar:2.0.6.RELEASE]
	at org.springframework.boot.SpringApplication.refresh(SpringApplication.java:754) [spring-boot-2.0.6.RELEASE.jar:2.0.6.RELEASE]
	at org.springframework.boot.SpringApplication.refreshContext(SpringApplication.java:386) [spring-boot-2.0.6.RELEASE.jar:2.0.6.RELEASE]
	at org.springframework.boot.SpringApplication.run(SpringApplication.java:307) [spring-boot-2.0.6.RELEASE.jar:2.0.6.RELEASE]
	at org.springframework.boot.SpringApplication.run(SpringApplication.java:1242) [spring-boot-2.0.6.RELEASE.jar:2.0.6.RELEASE]
	at org.springframework.boot.SpringApplication.run(SpringApplication.java:1230) [spring-boot-2.0.6.RELEASE.jar:2.0.6.RELEASE]
	at com.tiny.publicAccount.PublicAccountApplication.main(PublicAccountApplication.java:10) [classes/:na]

2018-10-30 01:47:27.007 ERROR 13368 --- [main] o.s.b.d.LoggingFailureAnalysisReporter   : 

***************************
APPLICATION FAILED TO START
***************************

Description:

Failed to configure a DataSource: 'url' attribute is not specified and no embedded datasource could be configured.

Reason: Failed to determine a suitable driver class


Action:

Consider the following:
	If you want an embedded database (H2, HSQL or Derby), please put it on the classpath.
	If you have database settings to be loaded from a particular profile you may need to activate it (no profiles are currently active).

